This file contains any messages produced by compilers while
running configure, to aid debugging if configure makes a mistake.

It was created by hfp4linux configure 0.1.0, which was
generated by GNU Autoconf 2.69.  Invocation command line was

  $ ./configure 

## --------- ##
## Platform. ##
## --------- ##

hostname = ubuntu-1
uname -m = i686
uname -r = 4.4.0-142-generic
uname -s = Linux
uname -v = #168~14.04.1-Ubuntu SMP Sat Jan 19 11:28:33 UTC 2019

/usr/bin/uname -p = unknown
/bin/uname -X     = unknown

/bin/arch              = unknown
/usr/bin/arch -k       = unknown
/usr/convex/getsysinfo = unknown
/usr/bin/hostinfo      = unknown
/bin/machine           = unknown
/usr/bin/oslevel       = unknown
/bin/universe          = unknown

PATH: /usr/local/sbin
PATH: /usr/local/bin
PATH: /usr/sbin
PATH: /usr/bin
PATH: /sbin
PATH: /bin
PATH: /usr/games
PATH: /usr/local/games


## ----------- ##
## Core tests. ##
## ----------- ##

configure:2709: checking whether to enable maintainer-specific portions of Makefiles
configure:2718: result: no
configure:2839: checking for doxygen
configure:2872: result: no
configure:2892: WARNING: doxygen not found - will not generate any doxygen documentation
configure:2945: checking for perl
configure:2963: found /usr/bin/perl
configure:2975: result: /usr/bin/perl
configure:4703: checking for a BSD-compatible install
configure:4771: result: /usr/bin/install -c
configure:4782: checking whether build environment is sane
configure:4837: result: yes
configure:4988: checking for a thread-safe mkdir -p
configure:5027: result: /bin/mkdir -p
configure:5034: checking for gawk
configure:5050: found /usr/bin/gawk
configure:5061: result: gawk
configure:5072: checking whether make sets $(MAKE)
configure:5094: result: yes
configure:5123: checking whether make supports nested variables
configure:5140: result: yes
configure:5314: checking for gcc
configure:5330: found /usr/bin/gcc
configure:5341: result: gcc
configure:5570: checking for C compiler version
configure:5579: gcc --version >&5
gcc (Ubuntu 4.8.4-2ubuntu1~14.04.4) 4.8.4
Copyright (C) 2013 Free Software Foundation, Inc.
This is free software; see the source for copying conditions.  There is NO
warranty; not even for MERCHANTABILITY or FITNESS FOR A PARTICULAR PURPOSE.

configure:5590: $? = 0
configure:5579: gcc -v >&5
Using built-in specs.
COLLECT_GCC=gcc
COLLECT_LTO_WRAPPER=/usr/lib/gcc/i686-linux-gnu/4.8/lto-wrapper
Target: i686-linux-gnu
Configured with: ../src/configure -v --with-pkgversion='Ubuntu 4.8.4-2ubuntu1~14.04.4' --with-bugurl=file:///usr/share/doc/gcc-4.8/README.Bugs --enable-languages=c,c++,java,go,d,fortran,objc,obj-c++ --prefix=/usr --program-suffix=-4.8 --enable-shared --enable-linker-build-id --libexecdir=/usr/lib --without-included-gettext --enable-threads=posix --with-gxx-include-dir=/usr/include/c++/4.8 --libdir=/usr/lib --enable-nls --with-sysroot=/ --enable-clocale=gnu --enable-libstdcxx-debug --enable-libstdcxx-time=yes --enable-gnu-unique-object --disable-libmudflap --enable-plugin --with-system-zlib --disable-browser-plugin --enable-java-awt=gtk --enable-gtk-cairo --with-java-home=/usr/lib/jvm/java-1.5.0-gcj-4.8-i386/jre --enable-java-home --with-jvm-root-dir=/usr/lib/jvm/java-1.5.0-gcj-4.8-i386 --with-jvm-jar-dir=/usr/lib/jvm-exports/java-1.5.0-gcj-4.8-i386 --with-arch-directory=i386 --with-ecj-jar=/usr/share/java/eclipse-ecj.jar --enable-objc-gc --enable-targets=all --enable-multiarch --disable-werror --with-arch-32=i686 --with-multilib-list=m32,m64,mx32 --with-tune=generic --enable-checking=release --build=i686-linux-gnu --host=i686-linux-gnu --target=i686-linux-gnu
Thread model: posix
gcc version 4.8.4 (Ubuntu 4.8.4-2ubuntu1~14.04.4) 
configure:5590: $? = 0
configure:5579: gcc -V >&5
gcc: error: unrecognized command line option '-V'
gcc: fatal error: no input files
compilation terminated.
configure:5590: $? = 4
configure:5579: gcc -qversion >&5
gcc: error: unrecognized command line option '-qversion'
gcc: fatal error: no input files
compilation terminated.
configure:5590: $? = 4
configure:5610: checking whether the C compiler works
configure:5632: gcc    conftest.c  >&5
configure:5636: $? = 0
configure:5684: result: yes
configure:5687: checking for C compiler default output file name
configure:5689: result: a.out
configure:5695: checking for suffix of executables
configure:5702: gcc -o conftest    conftest.c  >&5
configure:5706: $? = 0
configure:5728: result: 
configure:5750: checking whether we are cross compiling
configure:5758: gcc -o conftest    conftest.c  >&5
configure:5762: $? = 0
configure:5769: ./conftest
configure:5773: $? = 0
configure:5788: result: no
configure:5793: checking for suffix of object files
configure:5815: gcc -c   conftest.c >&5
configure:5819: $? = 0
configure:5840: result: o
configure:5844: checking whether we are using the GNU C compiler
configure:5863: gcc -c   conftest.c >&5
configure:5863: $? = 0
configure:5872: result: yes
configure:5881: checking whether gcc accepts -g
configure:5901: gcc -c -g  conftest.c >&5
configure:5901: $? = 0
configure:5942: result: yes
configure:5959: checking for gcc option to accept ISO C89
configure:6022: gcc  -c -g -O2  conftest.c >&5
configure:6022: $? = 0
configure:6035: result: none needed
configure:6060: checking whether gcc understands -c and -o together
configure:6082: gcc -c conftest.c -o conftest2.o
configure:6085: $? = 0
configure:6082: gcc -c conftest.c -o conftest2.o
configure:6085: $? = 0
configure:6097: result: yes
configure:6125: checking for style of include used by make
configure:6153: result: GNU
configure:6179: checking dependency style of gcc
configure:6290: result: gcc3
configure:6363: checking for g++
configure:6379: found /usr/bin/g++
configure:6390: result: g++
configure:6417: checking for C++ compiler version
configure:6426: g++ --version >&5
g++ (Ubuntu 4.8.4-2ubuntu1~14.04.4) 4.8.4
Copyright (C) 2013 Free Software Foundation, Inc.
This is free software; see the source for copying conditions.  There is NO
warranty; not even for MERCHANTABILITY or FITNESS FOR A PARTICULAR PURPOSE.

configure:6437: $? = 0
configure:6426: g++ -v >&5
Using built-in specs.
COLLECT_GCC=g++
COLLECT_LTO_WRAPPER=/usr/lib/gcc/i686-linux-gnu/4.8/lto-wrapper
Target: i686-linux-gnu
Configured with: ../src/configure -v --with-pkgversion='Ubuntu 4.8.4-2ubuntu1~14.04.4' --with-bugurl=file:///usr/share/doc/gcc-4.8/README.Bugs --enable-languages=c,c++,java,go,d,fortran,objc,obj-c++ --prefix=/usr --program-suffix=-4.8 --enable-shared --enable-linker-build-id --libexecdir=/usr/lib --without-included-gettext --enable-threads=posix --with-gxx-include-dir=/usr/include/c++/4.8 --libdir=/usr/lib --enable-nls --with-sysroot=/ --enable-clocale=gnu --enable-libstdcxx-debug --enable-libstdcxx-time=yes --enable-gnu-unique-object --disable-libmudflap --enable-plugin --with-system-zlib --disable-browser-plugin --enable-java-awt=gtk --enable-gtk-cairo --with-java-home=/usr/lib/jvm/java-1.5.0-gcj-4.8-i386/jre --enable-java-home --with-jvm-root-dir=/usr/lib/jvm/java-1.5.0-gcj-4.8-i386 --with-jvm-jar-dir=/usr/lib/jvm-exports/java-1.5.0-gcj-4.8-i386 --with-arch-directory=i386 --with-ecj-jar=/usr/share/java/eclipse-ecj.jar --enable-objc-gc --enable-targets=all --enable-multiarch --disable-werror --with-arch-32=i686 --with-multilib-list=m32,m64,mx32 --with-tune=generic --enable-checking=release --build=i686-linux-gnu --host=i686-linux-gnu --target=i686-linux-gnu
Thread model: posix
gcc version 4.8.4 (Ubuntu 4.8.4-2ubuntu1~14.04.4) 
configure:6437: $? = 0
configure:6426: g++ -V >&5
g++: error: unrecognized command line option '-V'
g++: fatal error: no input files
compilation terminated.
configure:6437: $? = 4
configure:6426: g++ -qversion >&5
g++: error: unrecognized command line option '-qversion'
g++: fatal error: no input files
compilation terminated.
configure:6437: $? = 4
configure:6441: checking whether we are using the GNU C++ compiler
configure:6460: g++ -c   conftest.cpp >&5
configure:6460: $? = 0
configure:6469: result: yes
configure:6478: checking whether g++ accepts -g
configure:6498: g++ -c -g  conftest.cpp >&5
configure:6498: $? = 0
configure:6539: result: yes
configure:6564: checking dependency style of g++
configure:6675: result: gcc3
configure:6695: checking whether g++ understands -c and -o together
configure:6719: g++ -g -O2 -c conftest.cpp -o conftest2.o >&5
configure:6723: $? = 0
configure:6730: g++ -g -O2 -c conftest.cpp -o conftest2.o >&5
configure:6734: $? = 0
configure:6742: result: yes
configure:6784: checking build system type
configure:6798: result: i686-pc-linux-gnu
configure:6818: checking host system type
configure:6831: result: i686-pc-linux-gnu
configure:6872: checking how to print strings
configure:6899: result: printf
configure:6920: checking for a sed that does not truncate output
configure:6984: result: /bin/sed
configure:7002: checking for grep that handles long lines and -e
configure:7060: result: /bin/grep
configure:7065: checking for egrep
configure:7127: result: /bin/grep -E
configure:7132: checking for fgrep
configure:7194: result: /bin/grep -F
configure:7229: checking for ld used by gcc
configure:7296: result: /usr/bin/ld
configure:7303: checking if the linker (/usr/bin/ld) is GNU ld
configure:7318: result: yes
configure:7330: checking for BSD- or MS-compatible name lister (nm)
configure:7379: result: /usr/bin/nm -B
configure:7509: checking the name lister (/usr/bin/nm -B) interface
configure:7516: gcc -c -g -O2  conftest.c >&5
configure:7519: /usr/bin/nm -B "conftest.o"
configure:7522: output
00000000 B some_variable
configure:7529: result: BSD nm
configure:7532: checking whether ln -s works
configure:7536: result: yes
configure:7544: checking the maximum length of command line arguments
configure:7675: result: 1572864
configure:7692: checking whether the shell understands some XSI constructs
configure:7702: result: yes
configure:7706: checking whether the shell understands "+="
configure:7712: result: yes
configure:7747: checking how to convert i686-pc-linux-gnu file names to i686-pc-linux-gnu format
configure:7787: result: func_convert_file_noop
configure:7794: checking how to convert i686-pc-linux-gnu file names to toolchain format
configure:7814: result: func_convert_file_noop
configure:7821: checking for /usr/bin/ld option to reload object files
configure:7828: result: -r
configure:7902: checking for objdump
configure:7918: found /usr/bin/objdump
configure:7929: result: objdump
configure:7961: checking how to recognize dependent libraries
configure:8159: result: pass_all
configure:8244: checking for dlltool
configure:8274: result: no
configure:8304: checking how to associate runtime and link libraries
configure:8331: result: printf %s\n
configure:8392: checking for ar
configure:8408: found /usr/bin/ar
configure:8419: result: ar
configure:8456: checking for archiver @FILE support
configure:8473: gcc -c -g -O2  conftest.c >&5
configure:8473: $? = 0
configure:8476: ar cru libconftest.a @conftest.lst >&5
configure:8479: $? = 0
configure:8484: ar cru libconftest.a @conftest.lst >&5
ar: conftest.o: No such file or directory
configure:8487: $? = 1
configure:8499: result: @
configure:8557: checking for strip
configure:8573: found /usr/bin/strip
configure:8584: result: strip
configure:8656: checking for ranlib
configure:8672: found /usr/bin/ranlib
configure:8683: result: ranlib
configure:8785: checking command to parse /usr/bin/nm -B output from gcc object
configure:8905: gcc -c -g -O2  conftest.c >&5
configure:8908: $? = 0
configure:8912: /usr/bin/nm -B conftest.o \| sed -n -e 's/^.*[ ]\([ABCDGIRSTW][ABCDGIRSTW]*\)[ ][ ]*\([_A-Za-z][_A-Za-z0-9]*\)$/\1 \2 \2/p' | sed '/ __gnu_lto/d' \> conftest.nm
configure:8915: $? = 0
configure:8981: gcc -o conftest -g -O2   conftest.c conftstm.o >&5
configure:8984: $? = 0
configure:9022: result: ok
configure:9059: checking for sysroot
configure:9089: result: no
configure:9358: checking for mt
configure:9374: found /bin/mt
configure:9385: result: mt
configure:9408: checking if mt is a manifest tool
configure:9414: mt '-?'
configure:9422: result: no
configure:10064: checking how to run the C preprocessor
configure:10095: gcc -E  conftest.c
configure:10095: $? = 0
configure:10109: gcc -E  conftest.c
conftest.c:11:28: fatal error: ac_nonexistent.h: No such file or directory
 #include <ac_nonexistent.h>
                            ^
compilation terminated.
configure:10109: $? = 1
configure: failed program was:
| /* confdefs.h */
| #define PACKAGE_NAME "hfp4linux"
| #define PACKAGE_TARNAME "hfp4linux"
| #define PACKAGE_VERSION "0.1.0"
| #define PACKAGE_STRING "hfp4linux 0.1.0"
| #define PACKAGE_BUGREPORT "samr7@cs.washington.edu"
| #define PACKAGE_URL ""
| #define PACKAGE "hfp4linux"
| #define VERSION "0.1.0"
| /* end confdefs.h.  */
| #include <ac_nonexistent.h>
configure:10134: result: gcc -E
configure:10154: gcc -E  conftest.c
configure:10154: $? = 0
configure:10168: gcc -E  conftest.c
conftest.c:11:28: fatal error: ac_nonexistent.h: No such file or directory
 #include <ac_nonexistent.h>
                            ^
compilation terminated.
configure:10168: $? = 1
configure: failed program was:
| /* confdefs.h */
| #define PACKAGE_NAME "hfp4linux"
| #define PACKAGE_TARNAME "hfp4linux"
| #define PACKAGE_VERSION "0.1.0"
| #define PACKAGE_STRING "hfp4linux 0.1.0"
| #define PACKAGE_BUGREPORT "samr7@cs.washington.edu"
| #define PACKAGE_URL ""
| #define PACKAGE "hfp4linux"
| #define VERSION "0.1.0"
| /* end confdefs.h.  */
| #include <ac_nonexistent.h>
configure:10197: checking for ANSI C header files
configure:10217: gcc -c -g -O2  conftest.c >&5
configure:10217: $? = 0
configure:10290: gcc -o conftest -g -O2   conftest.c  >&5
configure:10290: $? = 0
configure:10290: ./conftest
configure:10290: $? = 0
configure:10301: result: yes
configure:10314: checking for sys/types.h
configure:10314: gcc -c -g -O2  conftest.c >&5
configure:10314: $? = 0
configure:10314: result: yes
configure:10314: checking for sys/stat.h
configure:10314: gcc -c -g -O2  conftest.c >&5
configure:10314: $? = 0
configure:10314: result: yes
configure:10314: checking for stdlib.h
configure:10314: gcc -c -g -O2  conftest.c >&5
configure:10314: $? = 0
configure:10314: result: yes
configure:10314: checking for string.h
configure:10314: gcc -c -g -O2  conftest.c >&5
configure:10314: $? = 0
configure:10314: result: yes
configure:10314: checking for memory.h
configure:10314: gcc -c -g -O2  conftest.c >&5
configure:10314: $? = 0
configure:10314: result: yes
configure:10314: checking for strings.h
configure:10314: gcc -c -g -O2  conftest.c >&5
configure:10314: $? = 0
configure:10314: result: yes
configure:10314: checking for inttypes.h
configure:10314: gcc -c -g -O2  conftest.c >&5
configure:10314: $? = 0
configure:10314: result: yes
configure:10314: checking for stdint.h
configure:10314: gcc -c -g -O2  conftest.c >&5
configure:10314: $? = 0
configure:10314: result: yes
configure:10314: checking for unistd.h
configure:10314: gcc -c -g -O2  conftest.c >&5
configure:10314: $? = 0
configure:10314: result: yes
configure:10328: checking for dlfcn.h
configure:10328: gcc -c -g -O2  conftest.c >&5
configure:10328: $? = 0
configure:10328: result: yes
configure:10545: checking for objdir
configure:10560: result: .libs
configure:10827: checking if gcc supports -fno-rtti -fno-exceptions
configure:10845: gcc -c -g -O2  -fno-rtti -fno-exceptions conftest.c >&5
cc1: warning: command line option '-fno-rtti' is valid for C++/ObjC++ but not for C [enabled by default]
configure:10849: $? = 0
configure:10862: result: no
configure:11189: checking for gcc option to produce PIC
configure:11196: result: -fPIC -DPIC
configure:11204: checking if gcc PIC flag -fPIC -DPIC works
configure:11222: gcc -c -g -O2  -fPIC -DPIC -DPIC conftest.c >&5
configure:11226: $? = 0
configure:11239: result: yes
configure:11268: checking if gcc static flag -static works
configure:11296: result: yes
configure:11311: checking if gcc supports -c -o file.o
configure:11332: gcc -c -g -O2  -o out/conftest2.o conftest.c >&5
configure:11336: $? = 0
configure:11358: result: yes
configure:11366: checking if gcc supports -c -o file.o
configure:11413: result: yes
configure:11446: checking whether the gcc linker (/usr/bin/ld) supports shared libraries
configure:12603: result: yes
configure:12640: checking whether -lc should be explicitly linked in
configure:12648: gcc -c -g -O2  conftest.c >&5
configure:12651: $? = 0
configure:12666: gcc -shared  -fPIC -DPIC conftest.o  -v -Wl,-soname -Wl,conftest -o conftest 2\>\&1 \| /bin/grep  -lc  \>/dev/null 2\>\&1
configure:12669: $? = 0
configure:12683: result: no
configure:12843: checking dynamic linker characteristics
configure:13343: gcc -o conftest -g -O2   -Wl,-rpath -Wl,/foo conftest.c  >&5
configure:13343: $? = 0
configure:13577: result: GNU/Linux ld.so
configure:13684: checking how to hardcode library paths into programs
configure:13709: result: immediate
configure:14249: checking whether stripping libraries is possible
configure:14254: result: yes
configure:14289: checking if libtool supports shared libraries
configure:14291: result: yes
configure:14294: checking whether to build shared libraries
configure:14315: result: yes
configure:14318: checking whether to build static libraries
configure:14322: result: yes
configure:14345: checking how to run the C++ preprocessor
configure:14372: g++ -E  conftest.cpp
configure:14372: $? = 0
configure:14386: g++ -E  conftest.cpp
conftest.cpp:23:28: fatal error: ac_nonexistent.h: No such file or directory
 #include <ac_nonexistent.h>
                            ^
compilation terminated.
configure:14386: $? = 1
configure: failed program was:
| /* confdefs.h */
| #define PACKAGE_NAME "hfp4linux"
| #define PACKAGE_TARNAME "hfp4linux"
| #define PACKAGE_VERSION "0.1.0"
| #define PACKAGE_STRING "hfp4linux 0.1.0"
| #define PACKAGE_BUGREPORT "samr7@cs.washington.edu"
| #define PACKAGE_URL ""
| #define PACKAGE "hfp4linux"
| #define VERSION "0.1.0"
| #define STDC_HEADERS 1
| #define HAVE_SYS_TYPES_H 1
| #define HAVE_SYS_STAT_H 1
| #define HAVE_STDLIB_H 1
| #define HAVE_STRING_H 1
| #define HAVE_MEMORY_H 1
| #define HAVE_STRINGS_H 1
| #define HAVE_INTTYPES_H 1
| #define HAVE_STDINT_H 1
| #define HAVE_UNISTD_H 1
| #define HAVE_DLFCN_H 1
| #define LT_OBJDIR ".libs/"
| /* end confdefs.h.  */
| #include <ac_nonexistent.h>
configure:14411: result: g++ -E
configure:14431: g++ -E  conftest.cpp
configure:14431: $? = 0
configure:14445: g++ -E  conftest.cpp
conftest.cpp:23:28: fatal error: ac_nonexistent.h: No such file or directory
 #include <ac_nonexistent.h>
                            ^
compilation terminated.
configure:14445: $? = 1
configure: failed program was:
| /* confdefs.h */
| #define PACKAGE_NAME "hfp4linux"
| #define PACKAGE_TARNAME "hfp4linux"
| #define PACKAGE_VERSION "0.1.0"
| #define PACKAGE_STRING "hfp4linux 0.1.0"
| #define PACKAGE_BUGREPORT "samr7@cs.washington.edu"
| #define PACKAGE_URL ""
| #define PACKAGE "hfp4linux"
| #define VERSION "0.1.0"
| #define STDC_HEADERS 1
| #define HAVE_SYS_TYPES_H 1
| #define HAVE_SYS_STAT_H 1
| #define HAVE_STDLIB_H 1
| #define HAVE_STRING_H 1
| #define HAVE_MEMORY_H 1
| #define HAVE_STRINGS_H 1
| #define HAVE_INTTYPES_H 1
| #define HAVE_STDINT_H 1
| #define HAVE_UNISTD_H 1
| #define HAVE_DLFCN_H 1
| #define LT_OBJDIR ".libs/"
| /* end confdefs.h.  */
| #include <ac_nonexistent.h>
configure:14614: checking for ld used by g++
configure:14681: result: /usr/bin/ld
configure:14688: checking if the linker (/usr/bin/ld) is GNU ld
configure:14703: result: yes
configure:14758: checking whether the g++ linker (/usr/bin/ld) supports shared libraries
configure:15760: result: yes
configure:15796: g++ -c -g -O2  conftest.cpp >&5
configure:15799: $? = 0
configure:16319: checking for g++ option to produce PIC
configure:16326: result: -fPIC -DPIC
configure:16334: checking if g++ PIC flag -fPIC -DPIC works
configure:16352: g++ -c -g -O2  -fPIC -DPIC -DPIC conftest.cpp >&5
configure:16356: $? = 0
configure:16369: result: yes
configure:16392: checking if g++ static flag -static works
configure:16420: result: yes
configure:16432: checking if g++ supports -c -o file.o
configure:16453: g++ -c -g -O2  -o out/conftest2.o conftest.cpp >&5
configure:16457: $? = 0
configure:16479: result: yes
configure:16484: checking if g++ supports -c -o file.o
configure:16531: result: yes
configure:16561: checking whether the g++ linker (/usr/bin/ld) supports shared libraries
configure:16600: result: yes
configure:16741: checking dynamic linker characteristics
configure:17409: result: GNU/Linux ld.so
configure:17462: checking how to hardcode library paths into programs
configure:17487: result: immediate
configure:17549: checking for ANSI C header files
configure:17653: result: yes
configure:17661: checking for sys/wait.h that is POSIX.1 compatible
configure:17687: gcc -c -g -O2  conftest.c >&5
configure:17687: $? = 0
configure:17694: result: yes
configure:17705: checking fcntl.h usability
configure:17705: gcc -c -g -O2  conftest.c >&5
configure:17705: $? = 0
configure:17705: result: yes
configure:17705: checking fcntl.h presence
configure:17705: gcc -E  conftest.c
configure:17705: $? = 0
configure:17705: result: yes
configure:17705: checking for fcntl.h
configure:17705: result: yes
configure:17705: checking limits.h usability
configure:17705: gcc -c -g -O2  conftest.c >&5
configure:17705: $? = 0
configure:17705: result: yes
configure:17705: checking limits.h presence
configure:17705: gcc -E  conftest.c
configure:17705: $? = 0
configure:17705: result: yes
configure:17705: checking for limits.h
configure:17705: result: yes
configure:17705: checking for stdint.h
configure:17705: result: yes
configure:17705: checking for stdlib.h
configure:17705: result: yes
configure:17705: checking for string.h
configure:17705: result: yes
configure:17705: checking sys/ioctl.h usability
configure:17705: gcc -c -g -O2  conftest.c >&5
configure:17705: $? = 0
configure:17705: result: yes
configure:17705: checking sys/ioctl.h presence
configure:17705: gcc -E  conftest.c
configure:17705: $? = 0
configure:17705: result: yes
configure:17705: checking for sys/ioctl.h
configure:17705: result: yes
configure:17705: checking sys/socket.h usability
configure:17705: gcc -c -g -O2  conftest.c >&5
configure:17705: $? = 0
configure:17705: result: yes
configure:17705: checking sys/socket.h presence
configure:17705: gcc -E  conftest.c
configure:17705: $? = 0
configure:17705: result: yes
configure:17705: checking for sys/socket.h
configure:17705: result: yes
configure:17705: checking for unistd.h
configure:17705: result: yes
configure:17716: checking for an ANSI C-conforming const
configure:17782: gcc -c -g -O2  conftest.c >&5
configure:17782: $? = 0
configure:17789: result: yes
configure:17797: checking for inline
configure:17813: gcc -c -g -O2  conftest.c >&5
configure:17813: $? = 0
configure:17821: result: inline
configure:17839: checking for pid_t
configure:17839: gcc -c -g -O2  conftest.c >&5
configure:17839: $? = 0
configure:17839: gcc -c -g -O2  conftest.c >&5
conftest.c: In function 'main':
conftest.c:69:20: error: expected expression before ')' token
 if (sizeof ((pid_t)))
                    ^
configure:17839: $? = 1
configure: failed program was:
| /* confdefs.h */
| #define PACKAGE_NAME "hfp4linux"
| #define PACKAGE_TARNAME "hfp4linux"
| #define PACKAGE_VERSION "0.1.0"
| #define PACKAGE_STRING "hfp4linux 0.1.0"
| #define PACKAGE_BUGREPORT "samr7@cs.washington.edu"
| #define PACKAGE_URL ""
| #define PACKAGE "hfp4linux"
| #define VERSION "0.1.0"
| #define STDC_HEADERS 1
| #define HAVE_SYS_TYPES_H 1
| #define HAVE_SYS_STAT_H 1
| #define HAVE_STDLIB_H 1
| #define HAVE_STRING_H 1
| #define HAVE_MEMORY_H 1
| #define HAVE_STRINGS_H 1
| #define HAVE_INTTYPES_H 1
| #define HAVE_STDINT_H 1
| #define HAVE_UNISTD_H 1
| #define HAVE_DLFCN_H 1
| #define LT_OBJDIR ".libs/"
| #define STDC_HEADERS 1
| #define HAVE_SYS_WAIT_H 1
| #define HAVE_FCNTL_H 1
| #define HAVE_LIMITS_H 1
| #define HAVE_STDINT_H 1
| #define HAVE_STDLIB_H 1
| #define HAVE_STRING_H 1
| #define HAVE_SYS_IOCTL_H 1
| #define HAVE_SYS_SOCKET_H 1
| #define HAVE_UNISTD_H 1
| /* end confdefs.h.  */
| #include <stdio.h>
| #ifdef HAVE_SYS_TYPES_H
| # include <sys/types.h>
| #endif
| #ifdef HAVE_SYS_STAT_H
| # include <sys/stat.h>
| #endif
| #ifdef STDC_HEADERS
| # include <stdlib.h>
| # include <stddef.h>
| #else
| # ifdef HAVE_STDLIB_H
| #  include <stdlib.h>
| # endif
| #endif
| #ifdef HAVE_STRING_H
| # if !defined STDC_HEADERS && defined HAVE_MEMORY_H
| #  include <memory.h>
| # endif
| # include <string.h>
| #endif
| #ifdef HAVE_STRINGS_H
| # include <strings.h>
| #endif
| #ifdef HAVE_INTTYPES_H
| # include <inttypes.h>
| #endif
| #ifdef HAVE_STDINT_H
| # include <stdint.h>
| #endif
| #ifdef HAVE_UNISTD_H
| # include <unistd.h>
| #endif
| int
| main ()
| {
| if (sizeof ((pid_t)))
| 	    return 0;
|   ;
|   return 0;
| }
configure:17839: result: yes
configure:17850: checking for size_t
configure:17850: gcc -c -g -O2  conftest.c >&5
configure:17850: $? = 0
configure:17850: gcc -c -g -O2  conftest.c >&5
conftest.c: In function 'main':
conftest.c:69:21: error: expected expression before ')' token
 if (sizeof ((size_t)))
                     ^
configure:17850: $? = 1
configure: failed program was:
| /* confdefs.h */
| #define PACKAGE_NAME "hfp4linux"
| #define PACKAGE_TARNAME "hfp4linux"
| #define PACKAGE_VERSION "0.1.0"
| #define PACKAGE_STRING "hfp4linux 0.1.0"
| #define PACKAGE_BUGREPORT "samr7@cs.washington.edu"
| #define PACKAGE_URL ""
| #define PACKAGE "hfp4linux"
| #define VERSION "0.1.0"
| #define STDC_HEADERS 1
| #define HAVE_SYS_TYPES_H 1
| #define HAVE_SYS_STAT_H 1
| #define HAVE_STDLIB_H 1
| #define HAVE_STRING_H 1
| #define HAVE_MEMORY_H 1
| #define HAVE_STRINGS_H 1
| #define HAVE_INTTYPES_H 1
| #define HAVE_STDINT_H 1
| #define HAVE_UNISTD_H 1
| #define HAVE_DLFCN_H 1
| #define LT_OBJDIR ".libs/"
| #define STDC_HEADERS 1
| #define HAVE_SYS_WAIT_H 1
| #define HAVE_FCNTL_H 1
| #define HAVE_LIMITS_H 1
| #define HAVE_STDINT_H 1
| #define HAVE_STDLIB_H 1
| #define HAVE_STRING_H 1
| #define HAVE_SYS_IOCTL_H 1
| #define HAVE_SYS_SOCKET_H 1
| #define HAVE_UNISTD_H 1
| /* end confdefs.h.  */
| #include <stdio.h>
| #ifdef HAVE_SYS_TYPES_H
| # include <sys/types.h>
| #endif
| #ifdef HAVE_SYS_STAT_H
| # include <sys/stat.h>
| #endif
| #ifdef STDC_HEADERS
| # include <stdlib.h>
| # include <stddef.h>
| #else
| # ifdef HAVE_STDLIB_H
| #  include <stdlib.h>
| # endif
| #endif
| #ifdef HAVE_STRING_H
| # if !defined STDC_HEADERS && defined HAVE_MEMORY_H
| #  include <memory.h>
| # endif
| # include <string.h>
| #endif
| #ifdef HAVE_STRINGS_H
| # include <strings.h>
| #endif
| #ifdef HAVE_INTTYPES_H
| # include <inttypes.h>
| #endif
| #ifdef HAVE_STDINT_H
| # include <stdint.h>
| #endif
| #ifdef HAVE_UNISTD_H
| # include <unistd.h>
| #endif
| int
| main ()
| {
| if (sizeof ((size_t)))
| 	    return 0;
|   ;
|   return 0;
| }
configure:17850: result: yes
configure:17861: checking for ssize_t
configure:17861: gcc -c -g -O2  conftest.c >&5
configure:17861: $? = 0
configure:17861: gcc -c -g -O2  conftest.c >&5
conftest.c: In function 'main':
conftest.c:69:22: error: expected expression before ')' token
 if (sizeof ((ssize_t)))
                      ^
configure:17861: $? = 1
configure: failed program was:
| /* confdefs.h */
| #define PACKAGE_NAME "hfp4linux"
| #define PACKAGE_TARNAME "hfp4linux"
| #define PACKAGE_VERSION "0.1.0"
| #define PACKAGE_STRING "hfp4linux 0.1.0"
| #define PACKAGE_BUGREPORT "samr7@cs.washington.edu"
| #define PACKAGE_URL ""
| #define PACKAGE "hfp4linux"
| #define VERSION "0.1.0"
| #define STDC_HEADERS 1
| #define HAVE_SYS_TYPES_H 1
| #define HAVE_SYS_STAT_H 1
| #define HAVE_STDLIB_H 1
| #define HAVE_STRING_H 1
| #define HAVE_MEMORY_H 1
| #define HAVE_STRINGS_H 1
| #define HAVE_INTTYPES_H 1
| #define HAVE_STDINT_H 1
| #define HAVE_UNISTD_H 1
| #define HAVE_DLFCN_H 1
| #define LT_OBJDIR ".libs/"
| #define STDC_HEADERS 1
| #define HAVE_SYS_WAIT_H 1
| #define HAVE_FCNTL_H 1
| #define HAVE_LIMITS_H 1
| #define HAVE_STDINT_H 1
| #define HAVE_STDLIB_H 1
| #define HAVE_STRING_H 1
| #define HAVE_SYS_IOCTL_H 1
| #define HAVE_SYS_SOCKET_H 1
| #define HAVE_UNISTD_H 1
| /* end confdefs.h.  */
| #include <stdio.h>
| #ifdef HAVE_SYS_TYPES_H
| # include <sys/types.h>
| #endif
| #ifdef HAVE_SYS_STAT_H
| # include <sys/stat.h>
| #endif
| #ifdef STDC_HEADERS
| # include <stdlib.h>
| # include <stddef.h>
| #else
| # ifdef HAVE_STDLIB_H
| #  include <stdlib.h>
| # endif
| #endif
| #ifdef HAVE_STRING_H
| # if !defined STDC_HEADERS && defined HAVE_MEMORY_H
| #  include <memory.h>
| # endif
| # include <string.h>
| #endif
| #ifdef HAVE_STRINGS_H
| # include <strings.h>
| #endif
| #ifdef HAVE_INTTYPES_H
| # include <inttypes.h>
| #endif
| #ifdef HAVE_STDINT_H
| # include <stdint.h>
| #endif
| #ifdef HAVE_UNISTD_H
| # include <unistd.h>
| #endif
| int
| main ()
| {
| if (sizeof ((ssize_t)))
| 	    return 0;
|   ;
|   return 0;
| }
configure:17861: result: yes
configure:17872: checking for uint16_t
configure:17872: gcc -c -g -O2  conftest.c >&5
configure:17872: $? = 0
configure:17872: result: yes
configure:17884: checking for uint32_t
configure:17884: gcc -c -g -O2  conftest.c >&5
configure:17884: $? = 0
configure:17884: result: yes
configure:17898: checking for uint8_t
configure:17898: gcc -c -g -O2  conftest.c >&5
configure:17898: $? = 0
configure:17898: result: yes
configure:17915: checking for working alloca.h
configure:17932: gcc -o conftest -g -O2   conftest.c  >&5
configure:17932: $? = 0
configure:17940: result: yes
configure:17948: checking for alloca
configure:17985: gcc -o conftest -g -O2   conftest.c  >&5
configure:17985: $? = 0
configure:17993: result: yes
configure:18101: checking vfork.h usability
configure:18101: gcc -c -g -O2  conftest.c >&5
conftest.c:68:19: fatal error: vfork.h: No such file or directory
 #include <vfork.h>
                   ^
compilation terminated.
configure:18101: $? = 1
configure: failed program was:
| /* confdefs.h */
| #define PACKAGE_NAME "hfp4linux"
| #define PACKAGE_TARNAME "hfp4linux"
| #define PACKAGE_VERSION "0.1.0"
| #define PACKAGE_STRING "hfp4linux 0.1.0"
| #define PACKAGE_BUGREPORT "samr7@cs.washington.edu"
| #define PACKAGE_URL ""
| #define PACKAGE "hfp4linux"
| #define VERSION "0.1.0"
| #define STDC_HEADERS 1
| #define HAVE_SYS_TYPES_H 1
| #define HAVE_SYS_STAT_H 1
| #define HAVE_STDLIB_H 1
| #define HAVE_STRING_H 1
| #define HAVE_MEMORY_H 1
| #define HAVE_STRINGS_H 1
| #define HAVE_INTTYPES_H 1
| #define HAVE_STDINT_H 1
| #define HAVE_UNISTD_H 1
| #define HAVE_DLFCN_H 1
| #define LT_OBJDIR ".libs/"
| #define STDC_HEADERS 1
| #define HAVE_SYS_WAIT_H 1
| #define HAVE_FCNTL_H 1
| #define HAVE_LIMITS_H 1
| #define HAVE_STDINT_H 1
| #define HAVE_STDLIB_H 1
| #define HAVE_STRING_H 1
| #define HAVE_SYS_IOCTL_H 1
| #define HAVE_SYS_SOCKET_H 1
| #define HAVE_UNISTD_H 1
| #define HAVE_ALLOCA_H 1
| #define HAVE_ALLOCA 1
| /* end confdefs.h.  */
| #include <stdio.h>
| #ifdef HAVE_SYS_TYPES_H
| # include <sys/types.h>
| #endif
| #ifdef HAVE_SYS_STAT_H
| # include <sys/stat.h>
| #endif
| #ifdef STDC_HEADERS
| # include <stdlib.h>
| # include <stddef.h>
| #else
| # ifdef HAVE_STDLIB_H
| #  include <stdlib.h>
| # endif
| #endif
| #ifdef HAVE_STRING_H
| # if !defined STDC_HEADERS && defined HAVE_MEMORY_H
| #  include <memory.h>
| # endif
| # include <string.h>
| #endif
| #ifdef HAVE_STRINGS_H
| # include <strings.h>
| #endif
| #ifdef HAVE_INTTYPES_H
| # include <inttypes.h>
| #endif
| #ifdef HAVE_STDINT_H
| # include <stdint.h>
| #endif
| #ifdef HAVE_UNISTD_H
| # include <unistd.h>
| #endif
| #include <vfork.h>
configure:18101: result: no
configure:18101: checking vfork.h presence
configure:18101: gcc -E  conftest.c
conftest.c:35:19: fatal error: vfork.h: No such file or directory
 #include <vfork.h>
                   ^
compilation terminated.
configure:18101: $? = 1
configure: failed program was:
| /* confdefs.h */
| #define PACKAGE_NAME "hfp4linux"
| #define PACKAGE_TARNAME "hfp4linux"
| #define PACKAGE_VERSION "0.1.0"
| #define PACKAGE_STRING "hfp4linux 0.1.0"
| #define PACKAGE_BUGREPORT "samr7@cs.washington.edu"
| #define PACKAGE_URL ""
| #define PACKAGE "hfp4linux"
| #define VERSION "0.1.0"
| #define STDC_HEADERS 1
| #define HAVE_SYS_TYPES_H 1
| #define HAVE_SYS_STAT_H 1
| #define HAVE_STDLIB_H 1
| #define HAVE_STRING_H 1
| #define HAVE_MEMORY_H 1
| #define HAVE_STRINGS_H 1
| #define HAVE_INTTYPES_H 1
| #define HAVE_STDINT_H 1
| #define HAVE_UNISTD_H 1
| #define HAVE_DLFCN_H 1
| #define LT_OBJDIR ".libs/"
| #define STDC_HEADERS 1
| #define HAVE_SYS_WAIT_H 1
| #define HAVE_FCNTL_H 1
| #define HAVE_LIMITS_H 1
| #define HAVE_STDINT_H 1
| #define HAVE_STDLIB_H 1
| #define HAVE_STRING_H 1
| #define HAVE_SYS_IOCTL_H 1
| #define HAVE_SYS_SOCKET_H 1
| #define HAVE_UNISTD_H 1
| #define HAVE_ALLOCA_H 1
| #define HAVE_ALLOCA 1
| /* end confdefs.h.  */
| #include <vfork.h>
configure:18101: result: no
configure:18101: checking for vfork.h
configure:18101: result: no
configure:18114: checking for fork
configure:18114: gcc -o conftest -g -O2   conftest.c  >&5
conftest.c:58:6: warning: conflicting types for built-in function 'fork' [enabled by default]
 char fork ();
      ^
configure:18114: $? = 0
configure:18114: result: yes
configure:18114: checking for vfork
configure:18114: gcc -o conftest -g -O2   conftest.c  >&5
configure:18114: $? = 0
configure:18114: result: yes
configure:18124: checking for working fork
configure:18146: gcc -o conftest -g -O2   conftest.c  >&5
configure:18146: $? = 0
configure:18146: ./conftest
configure:18146: $? = 0
configure:18156: result: yes
configure:18177: checking for working vfork
configure:18287: result: yes
configure:18313: checking whether gcc needs -traditional
configure:18347: result: no
configure:18356: checking for stdlib.h
configure:18356: result: yes
configure:18366: checking for GNU libc compatible malloc
configure:18390: gcc -o conftest -g -O2   conftest.c  >&5
configure:18390: $? = 0
configure:18390: ./conftest
configure:18390: $? = 0
configure:18400: result: yes
configure:18423: checking for vprintf
configure:18423: gcc -o conftest -g -O2   conftest.c  >&5
conftest.c:64:6: warning: conflicting types for built-in function 'vprintf' [enabled by default]
 char vprintf ();
      ^
configure:18423: $? = 0
configure:18423: result: yes
configure:18429: checking for _doprnt
configure:18429: gcc -o conftest -g -O2   conftest.c  >&5
/tmp/cctq7eQY.o: In function `main':
/home/lgs/nohands-code/conftest.c:76: undefined reference to `_doprnt'
collect2: error: ld returned 1 exit status
configure:18429: $? = 1
configure: failed program was:
| /* confdefs.h */
| #define PACKAGE_NAME "hfp4linux"
| #define PACKAGE_TARNAME "hfp4linux"
| #define PACKAGE_VERSION "0.1.0"
| #define PACKAGE_STRING "hfp4linux 0.1.0"
| #define PACKAGE_BUGREPORT "samr7@cs.washington.edu"
| #define PACKAGE_URL ""
| #define PACKAGE "hfp4linux"
| #define VERSION "0.1.0"
| #define STDC_HEADERS 1
| #define HAVE_SYS_TYPES_H 1
| #define HAVE_SYS_STAT_H 1
| #define HAVE_STDLIB_H 1
| #define HAVE_STRING_H 1
| #define HAVE_MEMORY_H 1
| #define HAVE_STRINGS_H 1
| #define HAVE_INTTYPES_H 1
| #define HAVE_STDINT_H 1
| #define HAVE_UNISTD_H 1
| #define HAVE_DLFCN_H 1
| #define LT_OBJDIR ".libs/"
| #define STDC_HEADERS 1
| #define HAVE_SYS_WAIT_H 1
| #define HAVE_FCNTL_H 1
| #define HAVE_LIMITS_H 1
| #define HAVE_STDINT_H 1
| #define HAVE_STDLIB_H 1
| #define HAVE_STRING_H 1
| #define HAVE_SYS_IOCTL_H 1
| #define HAVE_SYS_SOCKET_H 1
| #define HAVE_UNISTD_H 1
| #define HAVE_ALLOCA_H 1
| #define HAVE_ALLOCA 1
| #define HAVE_FORK 1
| #define HAVE_VFORK 1
| #define HAVE_WORKING_VFORK 1
| #define HAVE_WORKING_FORK 1
| #define HAVE_STDLIB_H 1
| #define HAVE_MALLOC 1
| #define HAVE_VPRINTF 1
| /* end confdefs.h.  */
| /* Define _doprnt to an innocuous variant, in case <limits.h> declares _doprnt.
|    For example, HP-UX 11i <limits.h> declares gettimeofday.  */
| #define _doprnt innocuous__doprnt
| 
| /* System header to define __stub macros and hopefully few prototypes,
|     which can conflict with char _doprnt (); below.
|     Prefer <limits.h> to <assert.h> if __STDC__ is defined, since
|     <limits.h> exists even on freestanding compilers.  */
| 
| #ifdef __STDC__
| # include <limits.h>
| #else
| # include <assert.h>
| #endif
| 
| #undef _doprnt
| 
| /* Override any GCC internal prototype to avoid an error.
|    Use char because int might match the return type of a GCC
|    builtin and then its argument prototype would still apply.  */
| #ifdef __cplusplus
| extern "C"
| #endif
| char _doprnt ();
| /* The GNU C library defines this for functions which it implements
|     to always fail with ENOSYS.  Some functions are actually named
|     something starting with __ and the normal name is an alias.  */
| #if defined __stub__doprnt || defined __stub____doprnt
| choke me
| #endif
| 
| int
| main ()
| {
| return _doprnt ();
|   ;
|   return 0;
| }
configure:18429: result: no
configure:18443: checking for memmove
configure:18443: gcc -o conftest -g -O2   conftest.c  >&5
conftest.c:65:6: warning: conflicting types for built-in function 'memmove' [enabled by default]
 char memmove ();
      ^
configure:18443: $? = 0
configure:18443: result: yes
configure:18443: checking for memset
configure:18443: gcc -o conftest -g -O2   conftest.c  >&5
conftest.c:66:6: warning: conflicting types for built-in function 'memset' [enabled by default]
 char memset ();
      ^
configure:18443: $? = 0
configure:18443: result: yes
configure:18443: checking for socket
configure:18443: gcc -o conftest -g -O2   conftest.c  >&5
configure:18443: $? = 0
configure:18443: result: yes
configure:18443: checking for strdup
configure:18443: gcc -o conftest -g -O2   conftest.c  >&5
conftest.c:68:6: warning: conflicting types for built-in function 'strdup' [enabled by default]
 char strdup ();
      ^
configure:18443: $? = 0
configure:18443: result: yes
configure:18443: checking for strncasecmp
configure:18443: gcc -o conftest -g -O2   conftest.c  >&5
conftest.c:69:6: warning: conflicting types for built-in function 'strncasecmp' [enabled by default]
 char strncasecmp ();
      ^
configure:18443: $? = 0
configure:18443: result: yes
configure:18443: checking for strtol
configure:18443: gcc -o conftest -g -O2   conftest.c  >&5
configure:18443: $? = 0
configure:18443: result: yes
configure:18509: checking for pkg-config
configure:18527: found /usr/bin/pkg-config
configure:18539: result: /usr/bin/pkg-config
configure:18564: checking pkg-config is at least version 0.9.0
configure:18567: result: yes
configure:18772: checking for the pthreads library -lpthreads
configure:18805: gcc -o conftest -g  -Wall    conftest.c -lpthreads  >&5
conftest.c: In function 'main':
conftest.c:53:22: warning: null argument where non-null required (argument 1) [-Wnonnull]
                      pthread_attr_init(0); pthread_cleanup_push(0, 0);
                      ^
conftest.c:54:22: warning: null argument where non-null required (argument 1) [-Wnonnull]
                      pthread_create(0,0,0,0); pthread_cleanup_pop(0);
                      ^
conftest.c:54:22: warning: null argument where non-null required (argument 3) [-Wnonnull]
conftest.c:52:27: warning: 'th' is used uninitialized in this function [-Wuninitialized]
 pthread_t th; pthread_join(th, 0);
                           ^
/usr/bin/ld: cannot find -lpthreads
collect2: error: ld returned 1 exit status
configure:18805: $? = 1
configure: failed program was:
| /* confdefs.h */
| #define PACKAGE_NAME "hfp4linux"
| #define PACKAGE_TARNAME "hfp4linux"
| #define PACKAGE_VERSION "0.1.0"
| #define PACKAGE_STRING "hfp4linux 0.1.0"
| #define PACKAGE_BUGREPORT "samr7@cs.washington.edu"
| #define PACKAGE_URL ""
| #define PACKAGE "hfp4linux"
| #define VERSION "0.1.0"
| #define STDC_HEADERS 1
| #define HAVE_SYS_TYPES_H 1
| #define HAVE_SYS_STAT_H 1
| #define HAVE_STDLIB_H 1
| #define HAVE_STRING_H 1
| #define HAVE_MEMORY_H 1
| #define HAVE_STRINGS_H 1
| #define HAVE_INTTYPES_H 1
| #define HAVE_STDINT_H 1
| #define HAVE_UNISTD_H 1
| #define HAVE_DLFCN_H 1
| #define LT_OBJDIR ".libs/"
| #define STDC_HEADERS 1
| #define HAVE_SYS_WAIT_H 1
| #define HAVE_FCNTL_H 1
| #define HAVE_LIMITS_H 1
| #define HAVE_STDINT_H 1
| #define HAVE_STDLIB_H 1
| #define HAVE_STRING_H 1
| #define HAVE_SYS_IOCTL_H 1
| #define HAVE_SYS_SOCKET_H 1
| #define HAVE_UNISTD_H 1
| #define HAVE_ALLOCA_H 1
| #define HAVE_ALLOCA 1
| #define HAVE_FORK 1
| #define HAVE_VFORK 1
| #define HAVE_WORKING_VFORK 1
| #define HAVE_WORKING_FORK 1
| #define HAVE_STDLIB_H 1
| #define HAVE_MALLOC 1
| #define HAVE_VPRINTF 1
| #define HAVE_MEMMOVE 1
| #define HAVE_MEMSET 1
| #define HAVE_SOCKET 1
| #define HAVE_STRDUP 1
| #define HAVE_STRNCASECMP 1
| #define HAVE_STRTOL 1
| /* end confdefs.h.  */
| #include <pthread.h>
| int
| main ()
| {
| pthread_t th; pthread_join(th, 0);
|                      pthread_attr_init(0); pthread_cleanup_push(0, 0);
|                      pthread_create(0,0,0,0); pthread_cleanup_pop(0);
|   ;
|   return 0;
| }
configure:18814: result: no
configure:18717: checking whether pthreads work without any flags
configure:18805: gcc -o conftest -g  -Wall    conftest.c   >&5
conftest.c: In function 'main':
conftest.c:53:22: warning: null argument where non-null required (argument 1) [-Wnonnull]
                      pthread_attr_init(0); pthread_cleanup_push(0, 0);
                      ^
conftest.c:54:22: warning: null argument where non-null required (argument 1) [-Wnonnull]
                      pthread_create(0,0,0,0); pthread_cleanup_pop(0);
                      ^
conftest.c:54:22: warning: null argument where non-null required (argument 3) [-Wnonnull]
conftest.c:52:27: warning: 'th' is used uninitialized in this function [-Wuninitialized]
 pthread_t th; pthread_join(th, 0);
                           ^
/tmp/ccPtzoZk.o: In function `main':
/home/lgs/nohands-code/conftest.c:52: undefined reference to `pthread_join'
/home/lgs/nohands-code/conftest.c:53: undefined reference to `__pthread_register_cancel'
/home/lgs/nohands-code/conftest.c:54: undefined reference to `pthread_create'
/home/lgs/nohands-code/conftest.c:54: undefined reference to `__pthread_unregister_cancel'
collect2: error: ld returned 1 exit status
configure:18805: $? = 1
configure: failed program was:
| /* confdefs.h */
| #define PACKAGE_NAME "hfp4linux"
| #define PACKAGE_TARNAME "hfp4linux"
| #define PACKAGE_VERSION "0.1.0"
| #define PACKAGE_STRING "hfp4linux 0.1.0"
| #define PACKAGE_BUGREPORT "samr7@cs.washington.edu"
| #define PACKAGE_URL ""
| #define PACKAGE "hfp4linux"
| #define VERSION "0.1.0"
| #define STDC_HEADERS 1
| #define HAVE_SYS_TYPES_H 1
| #define HAVE_SYS_STAT_H 1
| #define HAVE_STDLIB_H 1
| #define HAVE_STRING_H 1
| #define HAVE_MEMORY_H 1
| #define HAVE_STRINGS_H 1
| #define HAVE_INTTYPES_H 1
| #define HAVE_STDINT_H 1
| #define HAVE_UNISTD_H 1
| #define HAVE_DLFCN_H 1
| #define LT_OBJDIR ".libs/"
| #define STDC_HEADERS 1
| #define HAVE_SYS_WAIT_H 1
| #define HAVE_FCNTL_H 1
| #define HAVE_LIMITS_H 1
| #define HAVE_STDINT_H 1
| #define HAVE_STDLIB_H 1
| #define HAVE_STRING_H 1
| #define HAVE_SYS_IOCTL_H 1
| #define HAVE_SYS_SOCKET_H 1
| #define HAVE_UNISTD_H 1
| #define HAVE_ALLOCA_H 1
| #define HAVE_ALLOCA 1
| #define HAVE_FORK 1
| #define HAVE_VFORK 1
| #define HAVE_WORKING_VFORK 1
| #define HAVE_WORKING_FORK 1
| #define HAVE_STDLIB_H 1
| #define HAVE_MALLOC 1
| #define HAVE_VPRINTF 1
| #define HAVE_MEMMOVE 1
| #define HAVE_MEMSET 1
| #define HAVE_SOCKET 1
| #define HAVE_STRDUP 1
| #define HAVE_STRNCASECMP 1
| #define HAVE_STRTOL 1
| /* end confdefs.h.  */
| #include <pthread.h>
| int
| main ()
| {
| pthread_t th; pthread_join(th, 0);
|                      pthread_attr_init(0); pthread_cleanup_push(0, 0);
|                      pthread_create(0,0,0,0); pthread_cleanup_pop(0);
|   ;
|   return 0;
| }
configure:18814: result: no
configure:18722: checking whether pthreads work with -Kthread
configure:18805: gcc -o conftest -g  -Wall -Kthread   conftest.c   >&5
gcc: error: unrecognized command line option '-Kthread'
configure:18805: $? = 1
configure: failed program was:
| /* confdefs.h */
| #define PACKAGE_NAME "hfp4linux"
| #define PACKAGE_TARNAME "hfp4linux"
| #define PACKAGE_VERSION "0.1.0"
| #define PACKAGE_STRING "hfp4linux 0.1.0"
| #define PACKAGE_BUGREPORT "samr7@cs.washington.edu"
| #define PACKAGE_URL ""
| #define PACKAGE "hfp4linux"
| #define VERSION "0.1.0"
| #define STDC_HEADERS 1
| #define HAVE_SYS_TYPES_H 1
| #define HAVE_SYS_STAT_H 1
| #define HAVE_STDLIB_H 1
| #define HAVE_STRING_H 1
| #define HAVE_MEMORY_H 1
| #define HAVE_STRINGS_H 1
| #define HAVE_INTTYPES_H 1
| #define HAVE_STDINT_H 1
| #define HAVE_UNISTD_H 1
| #define HAVE_DLFCN_H 1
| #define LT_OBJDIR ".libs/"
| #define STDC_HEADERS 1
| #define HAVE_SYS_WAIT_H 1
| #define HAVE_FCNTL_H 1
| #define HAVE_LIMITS_H 1
| #define HAVE_STDINT_H 1
| #define HAVE_STDLIB_H 1
| #define HAVE_STRING_H 1
| #define HAVE_SYS_IOCTL_H 1
| #define HAVE_SYS_SOCKET_H 1
| #define HAVE_UNISTD_H 1
| #define HAVE_ALLOCA_H 1
| #define HAVE_ALLOCA 1
| #define HAVE_FORK 1
| #define HAVE_VFORK 1
| #define HAVE_WORKING_VFORK 1
| #define HAVE_WORKING_FORK 1
| #define HAVE_STDLIB_H 1
| #define HAVE_MALLOC 1
| #define HAVE_VPRINTF 1
| #define HAVE_MEMMOVE 1
| #define HAVE_MEMSET 1
| #define HAVE_SOCKET 1
| #define HAVE_STRDUP 1
| #define HAVE_STRNCASECMP 1
| #define HAVE_STRTOL 1
| /* end confdefs.h.  */
| #include <pthread.h>
| int
| main ()
| {
| pthread_t th; pthread_join(th, 0);
|                      pthread_attr_init(0); pthread_cleanup_push(0, 0);
|                      pthread_create(0,0,0,0); pthread_cleanup_pop(0);
|   ;
|   return 0;
| }
configure:18814: result: no
configure:18722: checking whether pthreads work with -kthread
configure:18805: gcc -o conftest -g  -Wall -kthread   conftest.c   >&5
gcc: error: unrecognized command line option '-kthread'
configure:18805: $? = 1
configure: failed program was:
| /* confdefs.h */
| #define PACKAGE_NAME "hfp4linux"
| #define PACKAGE_TARNAME "hfp4linux"
| #define PACKAGE_VERSION "0.1.0"
| #define PACKAGE_STRING "hfp4linux 0.1.0"
| #define PACKAGE_BUGREPORT "samr7@cs.washington.edu"
| #define PACKAGE_URL ""
| #define PACKAGE "hfp4linux"
| #define VERSION "0.1.0"
| #define STDC_HEADERS 1
| #define HAVE_SYS_TYPES_H 1
| #define HAVE_SYS_STAT_H 1
| #define HAVE_STDLIB_H 1
| #define HAVE_STRING_H 1
| #define HAVE_MEMORY_H 1
| #define HAVE_STRINGS_H 1
| #define HAVE_INTTYPES_H 1
| #define HAVE_STDINT_H 1
| #define HAVE_UNISTD_H 1
| #define HAVE_DLFCN_H 1
| #define LT_OBJDIR ".libs/"
| #define STDC_HEADERS 1
| #define HAVE_SYS_WAIT_H 1
| #define HAVE_FCNTL_H 1
| #define HAVE_LIMITS_H 1
| #define HAVE_STDINT_H 1
| #define HAVE_STDLIB_H 1
| #define HAVE_STRING_H 1
| #define HAVE_SYS_IOCTL_H 1
| #define HAVE_SYS_SOCKET_H 1
| #define HAVE_UNISTD_H 1
| #define HAVE_ALLOCA_H 1
| #define HAVE_ALLOCA 1
| #define HAVE_FORK 1
| #define HAVE_VFORK 1
| #define HAVE_WORKING_VFORK 1
| #define HAVE_WORKING_FORK 1
| #define HAVE_STDLIB_H 1
| #define HAVE_MALLOC 1
| #define HAVE_VPRINTF 1
| #define HAVE_MEMMOVE 1
| #define HAVE_MEMSET 1
| #define HAVE_SOCKET 1
| #define HAVE_STRDUP 1
| #define HAVE_STRNCASECMP 1
| #define HAVE_STRTOL 1
| /* end confdefs.h.  */
| #include <pthread.h>
| int
| main ()
| {
| pthread_t th; pthread_join(th, 0);
|                      pthread_attr_init(0); pthread_cleanup_push(0, 0);
|                      pthread_create(0,0,0,0); pthread_cleanup_pop(0);
|   ;
|   return 0;
| }
configure:18814: result: no
configure:18772: checking for the pthreads library -llthread
configure:18805: gcc -o conftest -g  -Wall    conftest.c -llthread  >&5
conftest.c: In function 'main':
conftest.c:53:22: warning: null argument where non-null required (argument 1) [-Wnonnull]
                      pthread_attr_init(0); pthread_cleanup_push(0, 0);
                      ^
conftest.c:54:22: warning: null argument where non-null required (argument 1) [-Wnonnull]
                      pthread_create(0,0,0,0); pthread_cleanup_pop(0);
                      ^
conftest.c:54:22: warning: null argument where non-null required (argument 3) [-Wnonnull]
conftest.c:52:27: warning: 'th' is used uninitialized in this function [-Wuninitialized]
 pthread_t th; pthread_join(th, 0);
                           ^
/usr/bin/ld: cannot find -llthread
collect2: error: ld returned 1 exit status
configure:18805: $? = 1
configure: failed program was:
| /* confdefs.h */
| #define PACKAGE_NAME "hfp4linux"
| #define PACKAGE_TARNAME "hfp4linux"
| #define PACKAGE_VERSION "0.1.0"
| #define PACKAGE_STRING "hfp4linux 0.1.0"
| #define PACKAGE_BUGREPORT "samr7@cs.washington.edu"
| #define PACKAGE_URL ""
| #define PACKAGE "hfp4linux"
| #define VERSION "0.1.0"
| #define STDC_HEADERS 1
| #define HAVE_SYS_TYPES_H 1
| #define HAVE_SYS_STAT_H 1
| #define HAVE_STDLIB_H 1
| #define HAVE_STRING_H 1
| #define HAVE_MEMORY_H 1
| #define HAVE_STRINGS_H 1
| #define HAVE_INTTYPES_H 1
| #define HAVE_STDINT_H 1
| #define HAVE_UNISTD_H 1
| #define HAVE_DLFCN_H 1
| #define LT_OBJDIR ".libs/"
| #define STDC_HEADERS 1
| #define HAVE_SYS_WAIT_H 1
| #define HAVE_FCNTL_H 1
| #define HAVE_LIMITS_H 1
| #define HAVE_STDINT_H 1
| #define HAVE_STDLIB_H 1
| #define HAVE_STRING_H 1
| #define HAVE_SYS_IOCTL_H 1
| #define HAVE_SYS_SOCKET_H 1
| #define HAVE_UNISTD_H 1
| #define HAVE_ALLOCA_H 1
| #define HAVE_ALLOCA 1
| #define HAVE_FORK 1
| #define HAVE_VFORK 1
| #define HAVE_WORKING_VFORK 1
| #define HAVE_WORKING_FORK 1
| #define HAVE_STDLIB_H 1
| #define HAVE_MALLOC 1
| #define HAVE_VPRINTF 1
| #define HAVE_MEMMOVE 1
| #define HAVE_MEMSET 1
| #define HAVE_SOCKET 1
| #define HAVE_STRDUP 1
| #define HAVE_STRNCASECMP 1
| #define HAVE_STRTOL 1
| /* end confdefs.h.  */
| #include <pthread.h>
| int
| main ()
| {
| pthread_t th; pthread_join(th, 0);
|                      pthread_attr_init(0); pthread_cleanup_push(0, 0);
|                      pthread_create(0,0,0,0); pthread_cleanup_pop(0);
|   ;
|   return 0;
| }
configure:18814: result: no
configure:18722: checking whether pthreads work with -pthread
configure:18805: gcc -o conftest -g  -Wall -pthread   conftest.c   >&5
conftest.c: In function 'main':
conftest.c:53:22: warning: null argument where non-null required (argument 1) [-Wnonnull]
                      pthread_attr_init(0); pthread_cleanup_push(0, 0);
                      ^
conftest.c:54:22: warning: null argument where non-null required (argument 1) [-Wnonnull]
                      pthread_create(0,0,0,0); pthread_cleanup_pop(0);
                      ^
conftest.c:54:22: warning: null argument where non-null required (argument 3) [-Wnonnull]
conftest.c:52:27: warning: 'th' is used uninitialized in this function [-Wuninitialized]
 pthread_t th; pthread_join(th, 0);
                           ^
configure:18805: $? = 0
configure:18814: result: yes
configure:18833: checking for joinable pthread attribute
configure:18848: gcc -o conftest -g  -Wall -pthread   conftest.c   >&5
configure:18848: $? = 0
configure:18854: result: PTHREAD_CREATE_JOINABLE
configure:18864: checking if more special flags are required for pthreads
configure:18871: result: no
configure:19018: checking for BLUEZ
configure:19025: $PKG_CONFIG --exists --print-errors "bluez >= 2.00"
configure:19028: $? = 0
configure:19042: $PKG_CONFIG --exists --print-errors "bluez >= 2.00"
configure:19045: $? = 0
configure:19103: result: yes
configure:19112: checking for ALSA
configure:19119: $PKG_CONFIG --exists --print-errors "alsa >= 0.9.0"
configure:19122: $? = 0
configure:19136: $PKG_CONFIG --exists --print-errors "alsa >= 0.9.0"
configure:19139: $? = 0
configure:19177: result: yes
configure:19196: checking for AUDIOFILE
configure:19203: $PKG_CONFIG --exists --print-errors "audiofile"
configure:19206: $? = 0
configure:19220: $PKG_CONFIG --exists --print-errors "audiofile"
configure:19223: $? = 0
configure:19261: result: yes
configure:19281: checking for SPEEXDSP
configure:19288: $PKG_CONFIG --exists --print-errors "speexdsp >= 1.2beta2"
configure:19291: $? = 0
configure:19305: $PKG_CONFIG --exists --print-errors "speexdsp >= 1.2beta2"
configure:19308: $? = 0
configure:19346: result: yes
configure:19366: checking for DBUS
configure:19373: $PKG_CONFIG --exists --print-errors "dbus-1"
configure:19376: $? = 0
configure:19390: $PKG_CONFIG --exists --print-errors "dbus-1"
configure:19393: $? = 0
configure:19431: result: yes
configure:19454: $PKG_CONFIG --exists --print-errors "dbus-1"
configure:19457: $? = 0
configure:19498: checking for NGHOSTCORE
configure:19505: $PKG_CONFIG --exists --print-errors "nghostcore"
Package nghostcore was not found in the pkg-config search path.
Perhaps you should add the directory containing `nghostcore.pc'
to the PKG_CONFIG_PATH environment variable
No package 'nghostcore' found
configure:19508: $? = 1
configure:19522: $PKG_CONFIG --exists --print-errors "nghostcore"
Package nghostcore was not found in the pkg-config search path.
Perhaps you should add the directory containing `nghostcore.pc'
to the PKG_CONFIG_PATH environment variable
No package 'nghostcore' found
configure:19525: $? = 1
configure:19539: result: no
No package 'nghostcore' found
configure:20042: checking for X
configure:20150: gcc -E  conftest.c
configure:20150: $? = 0
configure:20181: gcc -o conftest -g  -Wall   conftest.c -lX11  >&5
configure:20181: $? = 0
configure:20231: result: libraries , headers 
configure:20353: checking for C++ compiler version
configure:20362: g++ --version >&5
g++ (Ubuntu 4.8.4-2ubuntu1~14.04.4) 4.8.4
Copyright (C) 2013 Free Software Foundation, Inc.
This is free software; see the source for copying conditions.  There is NO
warranty; not even for MERCHANTABILITY or FITNESS FOR A PARTICULAR PURPOSE.

configure:20373: $? = 0
configure:20362: g++ -v >&5
Using built-in specs.
COLLECT_GCC=g++
COLLECT_LTO_WRAPPER=/usr/lib/gcc/i686-linux-gnu/4.8/lto-wrapper
Target: i686-linux-gnu
Configured with: ../src/configure -v --with-pkgversion='Ubuntu 4.8.4-2ubuntu1~14.04.4' --with-bugurl=file:///usr/share/doc/gcc-4.8/README.Bugs --enable-languages=c,c++,java,go,d,fortran,objc,obj-c++ --prefix=/usr --program-suffix=-4.8 --enable-shared --enable-linker-build-id --libexecdir=/usr/lib --without-included-gettext --enable-threads=posix --with-gxx-include-dir=/usr/include/c++/4.8 --libdir=/usr/lib --enable-nls --with-sysroot=/ --enable-clocale=gnu --enable-libstdcxx-debug --enable-libstdcxx-time=yes --enable-gnu-unique-object --disable-libmudflap --enable-plugin --with-system-zlib --disable-browser-plugin --enable-java-awt=gtk --enable-gtk-cairo --with-java-home=/usr/lib/jvm/java-1.5.0-gcj-4.8-i386/jre --enable-java-home --with-jvm-root-dir=/usr/lib/jvm/java-1.5.0-gcj-4.8-i386 --with-jvm-jar-dir=/usr/lib/jvm-exports/java-1.5.0-gcj-4.8-i386 --with-arch-directory=i386 --with-ecj-jar=/usr/share/java/eclipse-ecj.jar --enable-objc-gc --enable-targets=all --enable-multiarch --disable-werror --with-arch-32=i686 --with-multilib-list=m32,m64,mx32 --with-tune=generic --enable-checking=release --build=i686-linux-gnu --host=i686-linux-gnu --target=i686-linux-gnu
Thread model: posix
gcc version 4.8.4 (Ubuntu 4.8.4-2ubuntu1~14.04.4) 
configure:20373: $? = 0
configure:20362: g++ -V >&5
g++: error: unrecognized command line option '-V'
g++: fatal error: no input files
compilation terminated.
configure:20373: $? = 4
configure:20362: g++ -qversion >&5
g++: error: unrecognized command line option '-qversion'
g++: fatal error: no input files
compilation terminated.
configure:20373: $? = 4
configure:20377: checking whether we are using the GNU C++ compiler
configure:20405: result: yes
configure:20414: checking whether g++ accepts -g
configure:20475: result: yes
configure:20500: checking dependency style of g++
configure:20611: result: gcc3
configure:20628: checking whether g++ supports -fexceptions
configure:20654: g++ -o conftest -g  -Wall -fexceptions   conftest.cpp  >&5
configure:20654: $? = 0
configure:20670: result: yes
configure:20782: checking how to run the C++ preprocessor
configure:20848: result: g++ -E
configure:20868: g++ -E  conftest.cpp
configure:20868: $? = 0
configure:20882: g++ -E  conftest.cpp
conftest.cpp:51:28: fatal error: ac_nonexistent.h: No such file or directory
 #include <ac_nonexistent.h>
                            ^
compilation terminated.
configure:20882: $? = 1
configure: failed program was:
| /* confdefs.h */
| #define PACKAGE_NAME "hfp4linux"
| #define PACKAGE_TARNAME "hfp4linux"
| #define PACKAGE_VERSION "0.1.0"
| #define PACKAGE_STRING "hfp4linux 0.1.0"
| #define PACKAGE_BUGREPORT "samr7@cs.washington.edu"
| #define PACKAGE_URL ""
| #define PACKAGE "hfp4linux"
| #define VERSION "0.1.0"
| #define STDC_HEADERS 1
| #define HAVE_SYS_TYPES_H 1
| #define HAVE_SYS_STAT_H 1
| #define HAVE_STDLIB_H 1
| #define HAVE_STRING_H 1
| #define HAVE_MEMORY_H 1
| #define HAVE_STRINGS_H 1
| #define HAVE_INTTYPES_H 1
| #define HAVE_STDINT_H 1
| #define HAVE_UNISTD_H 1
| #define HAVE_DLFCN_H 1
| #define LT_OBJDIR ".libs/"
| #define STDC_HEADERS 1
| #define HAVE_SYS_WAIT_H 1
| #define HAVE_FCNTL_H 1
| #define HAVE_LIMITS_H 1
| #define HAVE_STDINT_H 1
| #define HAVE_STDLIB_H 1
| #define HAVE_STRING_H 1
| #define HAVE_SYS_IOCTL_H 1
| #define HAVE_SYS_SOCKET_H 1
| #define HAVE_UNISTD_H 1
| #define HAVE_ALLOCA_H 1
| #define HAVE_ALLOCA 1
| #define HAVE_FORK 1
| #define HAVE_VFORK 1
| #define HAVE_WORKING_VFORK 1
| #define HAVE_WORKING_FORK 1
| #define HAVE_STDLIB_H 1
| #define HAVE_MALLOC 1
| #define HAVE_VPRINTF 1
| #define HAVE_MEMMOVE 1
| #define HAVE_MEMSET 1
| #define HAVE_SOCKET 1
| #define HAVE_STRDUP 1
| #define HAVE_STRNCASECMP 1
| #define HAVE_STRTOL 1
| #define DBUS_VERSION_MAJOR 1
| #define DBUS_VERSION_MINOR 6
| #define DBUS_VERSION_MICRO 18
| /* end confdefs.h.  */
| #include <ac_nonexistent.h>
configure:20931: checking for X
configure:21120: result: libraries , headers 
configure:21219: gcc -o conftest -g  -Wall   conftest.c   -lX11 >&5
configure:21219: $? = 0
configure:21317: checking for gethostbyname
configure:21317: gcc -o conftest -g  -Wall   conftest.c  >&5
configure:21317: $? = 0
configure:21317: result: yes
configure:21414: checking for connect
configure:21414: gcc -o conftest -g  -Wall   conftest.c  >&5
configure:21414: $? = 0
configure:21414: result: yes
configure:21463: checking for remove
configure:21463: gcc -o conftest -g  -Wall   conftest.c  >&5
configure:21463: $? = 0
configure:21463: result: yes
configure:21512: checking for shmat
configure:21512: gcc -o conftest -g  -Wall   conftest.c  >&5
configure:21512: $? = 0
configure:21512: result: yes
configure:21570: checking for IceConnectionNumber in -lICE
configure:21595: gcc -o conftest -g  -Wall   conftest.c -lICE   >&5
configure:21595: $? = 0
configure:21604: result: yes
configure:21695: checking for pthread_create in -lpthread
configure:21720: gcc -o conftest -g  -Wall   conftest.c -lpthread   >&5
configure:21720: $? = 0
configure:21729: result: yes
configure:22053: checking for Qt
configure: 22118: /usr/lib/qt3/include/qstyle.h
configure: 22118: /usr/lib/qt3/qstyle.h
configure: 22118: /usr/lib/qt/include/qstyle.h
configure: 22118: /usr/lib/qt/qstyle.h
configure: 22118: /usr/local/qt/include/qstyle.h
configure: 22118: /usr/include/qstyle.h
configure: 22118: /usr/X11R6/include/X11/qt/qstyle.h
configure: 22118: /usr/X11R6/include/qt/qstyle.h
configure: 22118: /usr/X11R6/include/qt2/qstyle.h
configure: 22118: /usr/include/qt3/qstyle.h
tried NO
tried /usr/lib/qt3/lib
tried /usr/lib/qt3
tried /usr/lib/qt/lib
tried /usr/lib/qt
tried /usr/X11R6/lib
tried /usr/lib
tried /usr/local/qt/lib
configure:22225: g++ -o conftest -g -Wall -INO  -DQT_THREAD_SUPPORT  -D_REENTRANT   -LNONE  conftest.cpp  -lqt-mt  -lSM -lICE -lXext -lX11  -lpthread >&5
conftest.cpp:2:21: fatal error: qglobal.h: No such file or directory
 #include <qglobal.h>
                     ^
compilation terminated.
configure:22228: $? = 1
configure: failed program was:
#include "confdefs.h"
#include <qglobal.h>
#include <qapplication.h>
#include <qcursor.h>
#include <qstylefactory.h>
#include <private/qucomextra_p.h>
#if ! (QT_VERSION >= 301)
#error 1
#endif

int main() {
    (void)QStyleFactory::create(QString::null);
    QCursor c(Qt::WhatsThisCursor);
    return 0;
}
configure:22280: result: no
configure:22319: checking for moc
configure:22337: found /usr/bin/moc
configure:22350: result: /usr/bin/moc
configure:22385: checking for uic
configure:22403: found /usr/bin/uic
configure:22416: result: /usr/bin/uic
configure:22444: checking for rpath
configure:22466: result: yes
configure:22831: checking that generated files are newer than configure
configure:22837: result: done
configure:22884: creating ./config.status

## ---------------------- ##
## Running config.status. ##
## ---------------------- ##

This file was extended by hfp4linux config.status 0.1.0, which was
generated by GNU Autoconf 2.69.  Invocation command line was

  CONFIG_FILES    = 
  CONFIG_HEADERS  = 
  CONFIG_LINKS    = 
  CONFIG_COMMANDS = 
  $ ./config.status 

on ubuntu-1

config.status:1301: creating Makefile
config.status:1301: creating libhfp/Makefile
config.status:1301: creating include/Makefile
config.status:1301: creating include/libhfp/Makefile
config.status:1301: creating qt/Makefile
config.status:1301: creating nhandsfree/Makefile
config.status:1301: creating hfpd/Makefile
config.status:1301: creating test/Makefile
config.status:1301: creating data/Makefile
config.status:1301: creating config.h
config.status:1530: executing depfiles commands
config.status:1530: executing libtool commands

## ---------------- ##
## Cache variables. ##
## ---------------- ##

ac_cv_build=i686-pc-linux-gnu
ac_cv_c_compiler_gnu=yes
ac_cv_c_const=yes
ac_cv_c_inline=inline
ac_cv_c_uint16_t=yes
ac_cv_c_uint32_t=yes
ac_cv_c_uint8_t=yes
ac_cv_cxx_compiler_gnu=yes
ac_cv_env_ALSA_CFLAGS_set=
ac_cv_env_ALSA_CFLAGS_value=
ac_cv_env_ALSA_LIBS_set=
ac_cv_env_ALSA_LIBS_value=
ac_cv_env_AUDIOFILE_CFLAGS_set=
ac_cv_env_AUDIOFILE_CFLAGS_value=
ac_cv_env_AUDIOFILE_LIBS_set=
ac_cv_env_AUDIOFILE_LIBS_value=
ac_cv_env_BLUEZ_CFLAGS_set=
ac_cv_env_BLUEZ_CFLAGS_value=
ac_cv_env_BLUEZ_LIBS_set=
ac_cv_env_BLUEZ_LIBS_value=
ac_cv_env_CCC_set=
ac_cv_env_CCC_value=
ac_cv_env_CC_set=
ac_cv_env_CC_value=
ac_cv_env_CFLAGS_set=
ac_cv_env_CFLAGS_value=
ac_cv_env_CPPFLAGS_set=
ac_cv_env_CPPFLAGS_value=
ac_cv_env_CPP_set=
ac_cv_env_CPP_value=
ac_cv_env_CXXCPP_set=
ac_cv_env_CXXCPP_value=
ac_cv_env_CXXFLAGS_set=
ac_cv_env_CXXFLAGS_value=
ac_cv_env_CXX_set=
ac_cv_env_CXX_value=
ac_cv_env_DBUS_CFLAGS_set=
ac_cv_env_DBUS_CFLAGS_value=
ac_cv_env_DBUS_LIBS_set=
ac_cv_env_DBUS_LIBS_value=
ac_cv_env_DBUS_SERVICE_PATH_set=
ac_cv_env_DBUS_SERVICE_PATH_value=
ac_cv_env_DOXYGEN_PAPER_SIZE_set=
ac_cv_env_DOXYGEN_PAPER_SIZE_value=
ac_cv_env_LDFLAGS_set=
ac_cv_env_LDFLAGS_value=
ac_cv_env_LIBS_set=
ac_cv_env_LIBS_value=
ac_cv_env_NGHOSTCORE_CFLAGS_set=
ac_cv_env_NGHOSTCORE_CFLAGS_value=
ac_cv_env_NGHOSTCORE_LIBS_set=
ac_cv_env_NGHOSTCORE_LIBS_value=
ac_cv_env_NGHOSTDAO_CFLAGS_set=
ac_cv_env_NGHOSTDAO_CFLAGS_value=
ac_cv_env_NGHOSTDAO_LIBS_set=
ac_cv_env_NGHOSTDAO_LIBS_value=
ac_cv_env_NGHOSTGUI2_CFLAGS_set=
ac_cv_env_NGHOSTGUI2_CFLAGS_value=
ac_cv_env_NGHOSTGUI2_LIBS_set=
ac_cv_env_NGHOSTGUI2_LIBS_value=
ac_cv_env_NGHOSTLOG_CFLAGS_set=
ac_cv_env_NGHOSTLOG_CFLAGS_value=
ac_cv_env_NGHOSTLOG_LIBS_set=
ac_cv_env_NGHOSTLOG_LIBS_value=
ac_cv_env_NGHOSTNET_CFLAGS_set=
ac_cv_env_NGHOSTNET_CFLAGS_value=
ac_cv_env_NGHOSTNET_LIBS_set=
ac_cv_env_NGHOSTNET_LIBS_value=
ac_cv_env_NGHOSTPLUGINS_CFLAGS_set=
ac_cv_env_NGHOSTPLUGINS_CFLAGS_value=
ac_cv_env_NGHOSTPLUGINS_LIBS_set=
ac_cv_env_NGHOSTPLUGINS_LIBS_value=
ac_cv_env_PKG_CONFIG_LIBDIR_set=
ac_cv_env_PKG_CONFIG_LIBDIR_value=
ac_cv_env_PKG_CONFIG_PATH_set=
ac_cv_env_PKG_CONFIG_PATH_value=
ac_cv_env_PKG_CONFIG_set=
ac_cv_env_PKG_CONFIG_value=
ac_cv_env_SPEEXDSP_CFLAGS_set=
ac_cv_env_SPEEXDSP_CFLAGS_value=
ac_cv_env_SPEEXDSP_LIBS_set=
ac_cv_env_SPEEXDSP_LIBS_value=
ac_cv_env_XMKMF_set=
ac_cv_env_XMKMF_value=
ac_cv_env_build_alias_set=
ac_cv_env_build_alias_value=
ac_cv_env_host_alias_set=
ac_cv_env_host_alias_value=
ac_cv_env_target_alias_set=
ac_cv_env_target_alias_value=
ac_cv_func__doprnt=no
ac_cv_func_alloca_works=yes
ac_cv_func_connect=yes
ac_cv_func_fork=yes
ac_cv_func_fork_works=yes
ac_cv_func_gethostbyname=yes
ac_cv_func_malloc_0_nonnull=yes
ac_cv_func_memmove=yes
ac_cv_func_memset=yes
ac_cv_func_remove=yes
ac_cv_func_shmat=yes
ac_cv_func_socket=yes
ac_cv_func_strdup=yes
ac_cv_func_strncasecmp=yes
ac_cv_func_strtol=yes
ac_cv_func_vfork=yes
ac_cv_func_vfork_works=yes
ac_cv_func_vprintf=yes
ac_cv_have_qt=have_qt=no
ac_cv_have_x='have_x=yes	ac_x_includes='\'''\''	ac_x_libraries='\'''\'''
ac_cv_header_dlfcn_h=yes
ac_cv_header_fcntl_h=yes
ac_cv_header_inttypes_h=yes
ac_cv_header_limits_h=yes
ac_cv_header_memory_h=yes
ac_cv_header_stdc=yes
ac_cv_header_stdint_h=yes
ac_cv_header_stdlib_h=yes
ac_cv_header_string_h=yes
ac_cv_header_strings_h=yes
ac_cv_header_sys_ioctl_h=yes
ac_cv_header_sys_socket_h=yes
ac_cv_header_sys_stat_h=yes
ac_cv_header_sys_types_h=yes
ac_cv_header_sys_wait_h=yes
ac_cv_header_unistd_h=yes
ac_cv_header_vfork_h=no
ac_cv_host=i686-pc-linux-gnu
ac_cv_lib_ICE_IceConnectionNumber=yes
ac_cv_lib_pthread_pthread_create=yes
ac_cv_objext=o
ac_cv_path_EGREP='/bin/grep -E'
ac_cv_path_FGREP='/bin/grep -F'
ac_cv_path_GREP=/bin/grep
ac_cv_path_MOC=/usr/bin/moc
ac_cv_path_SED=/bin/sed
ac_cv_path_UIC=/usr/bin/uic
ac_cv_path_ac_pt_DX_PERL=/usr/bin/perl
ac_cv_path_ac_pt_PKG_CONFIG=/usr/bin/pkg-config
ac_cv_path_install='/usr/bin/install -c'
ac_cv_path_mkdir=/bin/mkdir
ac_cv_prog_AWK=gawk
ac_cv_prog_CPP='gcc -E'
ac_cv_prog_CXXCPP='g++ -E'
ac_cv_prog_ac_ct_AR=ar
ac_cv_prog_ac_ct_CC=gcc
ac_cv_prog_ac_ct_CXX=g++
ac_cv_prog_ac_ct_MANIFEST_TOOL=mt
ac_cv_prog_ac_ct_OBJDUMP=objdump
ac_cv_prog_ac_ct_RANLIB=ranlib
ac_cv_prog_ac_ct_STRIP=strip
ac_cv_prog_cc_c89=
ac_cv_prog_cc_g=yes
ac_cv_prog_cxx_c_o=yes
ac_cv_prog_cxx_g=yes
ac_cv_prog_gcc_traditional=no
ac_cv_prog_make_make_set=yes
ac_cv_type_pid_t=yes
ac_cv_type_size_t=yes
ac_cv_type_ssize_t=yes
ac_cv_working_alloca_h=yes
am_cv_CC_dependencies_compiler_type=gcc3
am_cv_CXX_dependencies_compiler_type=gcc3
am_cv_make_support_nested_variables=yes
am_cv_prog_cc_c_o=yes
kde_cv_prog_cxx_fexceptions=yes
lt_cv_ar_at_file=@
lt_cv_archive_cmds_need_lc=no
lt_cv_deplibs_check_method=pass_all
lt_cv_file_magic_cmd='$MAGIC_CMD'
lt_cv_file_magic_test_file=
lt_cv_ld_reload_flag=-r
lt_cv_nm_interface='BSD nm'
lt_cv_objdir=.libs
lt_cv_path_LD=/usr/bin/ld
lt_cv_path_LDCXX=/usr/bin/ld
lt_cv_path_NM='/usr/bin/nm -B'
lt_cv_path_mainfest_tool=no
lt_cv_prog_compiler_c_o=yes
lt_cv_prog_compiler_c_o_CXX=yes
lt_cv_prog_compiler_pic='-fPIC -DPIC'
lt_cv_prog_compiler_pic_CXX='-fPIC -DPIC'
lt_cv_prog_compiler_pic_works=yes
lt_cv_prog_compiler_pic_works_CXX=yes
lt_cv_prog_compiler_rtti_exceptions=no
lt_cv_prog_compiler_static_works=yes
lt_cv_prog_compiler_static_works_CXX=yes
lt_cv_prog_gnu_ld=yes
lt_cv_prog_gnu_ldcxx=yes
lt_cv_sharedlib_from_linklib_cmd='printf %s\n'
lt_cv_shlibpath_overrides_runpath=no
lt_cv_sys_global_symbol_pipe='sed -n -e '\''s/^.*[	 ]\([ABCDGIRSTW][ABCDGIRSTW]*\)[	 ][	 ]*\([_A-Za-z][_A-Za-z0-9]*\)$/\1 \2 \2/p'\'' | sed '\''/ __gnu_lto/d'\'''
lt_cv_sys_global_symbol_to_c_name_address='sed -n -e '\''s/^: \([^ ]*\)[ ]*$/  {\"\1\", (void *) 0},/p'\'' -e '\''s/^[ABCDGIRSTW]* \([^ ]*\) \([^ ]*\)$/  {"\2", (void *) \&\2},/p'\'''
lt_cv_sys_global_symbol_to_c_name_address_lib_prefix='sed -n -e '\''s/^: \([^ ]*\)[ ]*$/  {\"\1\", (void *) 0},/p'\'' -e '\''s/^[ABCDGIRSTW]* \([^ ]*\) \(lib[^ ]*\)$/  {"\2", (void *) \&\2},/p'\'' -e '\''s/^[ABCDGIRSTW]* \([^ ]*\) \([^ ]*\)$/  {"lib\2", (void *) \&\2},/p'\'''
lt_cv_sys_global_symbol_to_cdecl='sed -n -e '\''s/^T .* \(.*\)$/extern int \1();/p'\'' -e '\''s/^[ABCDGIRSTW]* .* \(.*\)$/extern char \1;/p'\'''
lt_cv_sys_max_cmd_len=1572864
lt_cv_to_host_file_cmd=func_convert_file_noop
lt_cv_to_tool_file_cmd=func_convert_file_noop
pkg_cv_ALSA_CFLAGS='-I/usr/include/alsa  '
pkg_cv_ALSA_LIBS='-lasound  '
pkg_cv_AUDIOFILE_CFLAGS=' '
pkg_cv_AUDIOFILE_LIBS='-laudiofile  '
pkg_cv_BLUEZ_CFLAGS=' '
pkg_cv_BLUEZ_LIBS='-lbluetooth  '
pkg_cv_DBUS_CFLAGS='-I/usr/include/dbus-1.0 -I/usr/lib/i386-linux-gnu/dbus-1.0/include  '
pkg_cv_DBUS_LIBS='-ldbus-1  '
pkg_cv_DBUS_SERVICE_PATH=/usr/share/dbus-1/services
pkg_cv_SPEEXDSP_CFLAGS=' '
pkg_cv_SPEEXDSP_LIBS='-lspeexdsp  '

## ----------------- ##
## Output variables. ##
## ----------------- ##

ACLOCAL='${SHELL} /home/lgs/nohands-code/missing aclocal-1.14'
ALLOCA=''
ALSA_CFLAGS='-I/usr/include/alsa  '
ALSA_LIBS='-lasound  '
AMDEPBACKSLASH='\'
AMDEP_FALSE='#'
AMDEP_TRUE=''
AMTAR='$${TAR-tar}'
AM_BACKSLASH='\'
AM_DEFAULT_V='$(AM_DEFAULT_VERBOSITY)'
AM_DEFAULT_VERBOSITY='1'
AM_V='$(V)'
AR='ar'
AUDIOFILE_CFLAGS=' '
AUDIOFILE_LIBS='-laudiofile  '
AUTOCONF='${SHELL} /home/lgs/nohands-code/missing autoconf'
AUTOHEADER='${SHELL} /home/lgs/nohands-code/missing autoheader'
AUTOMAKE='${SHELL} /home/lgs/nohands-code/missing automake-1.14'
AWK='gawk'
BLUEZ_CFLAGS=' '
BLUEZ_LIBS='-lbluetooth  '
BUILD_DBUS_FALSE='#'
BUILD_DBUS_SERVICE_FALSE='#'
BUILD_DBUS_SERVICE_TRUE=''
BUILD_DBUS_TRUE=''
BUILD_NGHOST_FALSE=''
BUILD_NGHOST_TRUE='#'
BUILD_QT_FALSE=''
BUILD_QT_TRUE='#'
CC='gcc'
CCDEPMODE='depmode=gcc3'
CFLAGS='-g  -Wall'
CPP='gcc -E'
CPPFLAGS=''
CXX='g++'
CXXCPP='g++ -E'
CXXDEPMODE='depmode=gcc3'
CXXFLAGS='-g -Wall'
CYGPATH_W='echo'
DBUS_CFLAGS='-I/usr/include/dbus-1.0 -I/usr/lib/i386-linux-gnu/dbus-1.0/include  '
DBUS_LIBS='-ldbus-1  '
DBUS_SERVICE_PATH='/usr/share/dbus-1/services'
DEFS='-DHAVE_CONFIG_H'
DEPDIR='.deps'
DLLTOOL='false'
DOXYGEN_PAPER_SIZE=''
DSYMUTIL=''
DUMPBIN=''
DX_COND_chi_FALSE=''
DX_COND_chi_TRUE='#'
DX_COND_chm_FALSE=''
DX_COND_chm_TRUE='#'
DX_COND_doc_FALSE=''
DX_COND_doc_TRUE='#'
DX_COND_dot_FALSE=''
DX_COND_dot_TRUE='#'
DX_COND_html_FALSE=''
DX_COND_html_TRUE='#'
DX_COND_latex_FALSE=''
DX_COND_latex_TRUE='#'
DX_COND_man_FALSE=''
DX_COND_man_TRUE='#'
DX_COND_pdf_FALSE=''
DX_COND_pdf_TRUE='#'
DX_COND_ps_FALSE=''
DX_COND_ps_TRUE='#'
DX_COND_rtf_FALSE=''
DX_COND_rtf_TRUE='#'
DX_COND_xml_FALSE=''
DX_COND_xml_TRUE='#'
DX_CONFIG='Doxyfile'
DX_DOCDIR='doc'
DX_DOT=''
DX_DOXYGEN=''
DX_DVIPS=''
DX_EGREP=''
DX_ENV=' SRCDIR='\''.'\'' PROJECT='\''libhfp'\'' DOCDIR='\''doc'\'' VERSION='\''0.1.0'\'' HAVE_DOT='\''NO'\'' GENERATE_MAN='\''NO'\'' GENERATE_RTF='\''NO'\'' GENERATE_XML='\''NO'\'' GENERATE_HTMLHELP='\''NO'\'' GENERATE_CHI='\''NO'\'' GENERATE_HTML='\''NO'\'' GENERATE_LATEX='\''NO'\'''
DX_FLAG_chi='0'
DX_FLAG_chm='0'
DX_FLAG_doc='0'
DX_FLAG_dot='0'
DX_FLAG_html='0'
DX_FLAG_man='0'
DX_FLAG_pdf='0'
DX_FLAG_ps='0'
DX_FLAG_rtf='0'
DX_FLAG_xml='0'
DX_HHC=''
DX_LATEX=''
DX_MAKEINDEX=''
DX_PDFLATEX=''
DX_PERL='/usr/bin/perl'
DX_PROJECT='libhfp'
ECHO_C=''
ECHO_N='-n'
ECHO_T=''
EGREP='/bin/grep -E'
EXEEXT=''
FGREP='/bin/grep -F'
GREP='/bin/grep'
INSTALL_DATA='${INSTALL} -m 644'
INSTALL_PROGRAM='${INSTALL}'
INSTALL_SCRIPT='${INSTALL}'
INSTALL_STRIP_PROGRAM='$(install_sh) -c -s'
LD='/usr/bin/ld'
LDFLAGS=''
LIBOBJS=''
LIBPTHREAD='-lpthread'
LIBS=''
LIBTOOL='$(SHELL) $(top_builddir)/libtool'
LIB_QPE=''
LIPO=''
LN_S='ln -s'
LTLIBOBJS=''
MAINT='#'
MAINTAINER_MODE_FALSE=''
MAINTAINER_MODE_TRUE='#'
MAKEINFO='${SHELL} /home/lgs/nohands-code/missing makeinfo'
MANIFEST_TOOL=':'
MKDIR_P='/bin/mkdir -p'
MOC='/usr/bin/moc'
NGHOSTCORE_CFLAGS=''
NGHOSTCORE_LIBS=''
NGHOSTDAO_CFLAGS=''
NGHOSTDAO_LIBS=''
NGHOSTGUI2_CFLAGS=''
NGHOSTGUI2_LIBS=''
NGHOSTLOG_CFLAGS=''
NGHOSTLOG_LIBS=''
NGHOSTNET_CFLAGS=''
NGHOSTNET_LIBS=''
NGHOSTPLUGINS_CFLAGS=''
NGHOSTPLUGINS_LIBS=''
NM='/usr/bin/nm -B'
NMEDIT=''
OBJDUMP='objdump'
OBJEXT='o'
OTOOL64=''
OTOOL=''
PACKAGE='hfp4linux'
PACKAGE_BUGREPORT='samr7@cs.washington.edu'
PACKAGE_NAME='hfp4linux'
PACKAGE_STRING='hfp4linux 0.1.0'
PACKAGE_TARNAME='hfp4linux'
PACKAGE_URL=''
PACKAGE_VERSION='0.1.0'
PATH_SEPARATOR=':'
PKG_CONFIG='/usr/bin/pkg-config'
PKG_CONFIG_LIBDIR=''
PKG_CONFIG_PATH='/usr/local/lib/pkgconfig'
PTHREAD_CC='gcc'
PTHREAD_CFLAGS='-pthread'
PTHREAD_LIBS=''
QTE_NORTTI=''
QT_CXXFLAGS=' -DQT_THREAD_SUPPORT  -D_REENTRANT'
QT_INCLUDES=''
QT_LDFLAGS=''
QT_LIBS='-lqt-mt  -lSM -lICE -lXext -lX11  -lpthread'
QT_MT_LDFLAGS=''
QT_MT_LIBS='-lpthread'
QT_RPATH=''
RANLIB='ranlib'
SED='/bin/sed'
SET_MAKE=''
SHELL='/bin/bash'
SPEEXDSP_CFLAGS=' '
SPEEXDSP_LIBS='-lspeexdsp  '
STRIP='strip'
UIC='/usr/bin/uic'
USE_THREADS=''
VERSION='0.1.0'
XMKMF=''
X_CFLAGS=''
X_EXTRA_LIBS=''
X_LIBS=''
X_PRE_LIBS=' -lSM -lICE'
ac_ct_AR='ar'
ac_ct_CC='gcc'
ac_ct_CXX='g++'
ac_ct_DUMPBIN=''
acx_pthread_config=''
am__EXEEXT_FALSE=''
am__EXEEXT_TRUE='#'
am__fastdepCC_FALSE='#'
am__fastdepCC_TRUE=''
am__fastdepCXX_FALSE='#'
am__fastdepCXX_TRUE=''
am__include='include'
am__isrc=''
am__leading_dot='.'
am__nodep='_no'
am__quote=''
am__tar='$${TAR-tar} chof - "$$tardir"'
am__untar='$${TAR-tar} xf -'
bindir='${exec_prefix}/bin'
build='i686-pc-linux-gnu'
build_alias=''
build_cpu='i686'
build_os='linux-gnu'
build_vendor='pc'
datadir='${datarootdir}'
datarootdir='${prefix}/share'
docdir='${datarootdir}/doc/${PACKAGE_TARNAME}'
dvidir='${docdir}'
exec_prefix='${prefix}'
host='i686-pc-linux-gnu'
host_alias=''
host_cpu='i686'
host_os='linux-gnu'
host_vendor='pc'
htmldir='${docdir}'
includedir='${prefix}/include'
infodir='${datarootdir}/info'
install_sh='${SHELL} /home/lgs/nohands-code/install-sh'
libdir='${exec_prefix}/lib'
libexecdir='${exec_prefix}/libexec'
libhfp_CXXFLAGS='   -pthread -I/usr/include/alsa      '
libhfp_LIBS=' -lbluetooth    -lasound   -laudiofile   -lspeexdsp  '
libnghost_CFLAGS=''
libnghost_LIBS=''
localedir='${datarootdir}/locale'
localstatedir='${prefix}/var'
mandir='${datarootdir}/man'
mkdir_p='$(MKDIR_P)'
oldincludedir='/usr/include'
pdfdir='${docdir}'
pkglibdir=''
prefix='/usr/local'
program_transform_name='s,x,x,'
psdir='${docdir}'
qt_includes=''
qt_libraries=''
sbindir='${exec_prefix}/sbin'
sharedstatedir='${prefix}/com'
sysconfdir='${prefix}/etc'
target_alias=''
x_libraries=''

## ----------- ##
## confdefs.h. ##
## ----------- ##

/* confdefs.h */
#define PACKAGE_NAME "hfp4linux"
#define PACKAGE_TARNAME "hfp4linux"
#define PACKAGE_VERSION "0.1.0"
#define PACKAGE_STRING "hfp4linux 0.1.0"
#define PACKAGE_BUGREPORT "samr7@cs.washington.edu"
#define PACKAGE_URL ""
#define PACKAGE "hfp4linux"
#define VERSION "0.1.0"
#define STDC_HEADERS 1
#define HAVE_SYS_TYPES_H 1
#define HAVE_SYS_STAT_H 1
#define HAVE_STDLIB_H 1
#define HAVE_STRING_H 1
#define HAVE_MEMORY_H 1
#define HAVE_STRINGS_H 1
#define HAVE_INTTYPES_H 1
#define HAVE_STDINT_H 1
#define HAVE_UNISTD_H 1
#define HAVE_DLFCN_H 1
#define LT_OBJDIR ".libs/"
#define STDC_HEADERS 1
#define HAVE_SYS_WAIT_H 1
#define HAVE_FCNTL_H 1
#define HAVE_LIMITS_H 1
#define HAVE_STDINT_H 1
#define HAVE_STDLIB_H 1
#define HAVE_STRING_H 1
#define HAVE_SYS_IOCTL_H 1
#define HAVE_SYS_SOCKET_H 1
#define HAVE_UNISTD_H 1
#define HAVE_ALLOCA_H 1
#define HAVE_ALLOCA 1
#define HAVE_FORK 1
#define HAVE_VFORK 1
#define HAVE_WORKING_VFORK 1
#define HAVE_WORKING_FORK 1
#define HAVE_STDLIB_H 1
#define HAVE_MALLOC 1
#define HAVE_VPRINTF 1
#define HAVE_MEMMOVE 1
#define HAVE_MEMSET 1
#define HAVE_SOCKET 1
#define HAVE_STRDUP 1
#define HAVE_STRNCASECMP 1
#define HAVE_STRTOL 1
#define DBUS_VERSION_MAJOR 1
#define DBUS_VERSION_MINOR 6
#define DBUS_VERSION_MICRO 18
#define HAVE_LIBPTHREAD 1
#define USE_VERBOSE_DEBUG /**/
#define USE_PTHREADS /**/
#define USE_ALSA_SOUNDIO /**/
#define USE_OSS_SOUNDIO /**/
#define USE_AUDIOFILE /**/
#define USE_SPEEXDSP /**/

configure: exit 0
